C51 COMPILER V9.60.0.0   MAIN                                                              11/16/2020 10:25:19 PAGE 1   


C51 COMPILER V9.60.0.0, COMPILATION OF MODULE MAIN
OBJECT MODULE PLACED IN .\Objects\main.obj
COMPILER INVOKED BY: C:\Keil_v5\C51\BIN\C51.EXE main.c OPTIMIZE(8,SPEED) BROWSE INCDIR(..\..\..\Include) DEFINE(FOSC_160
                    -000) DEBUG OBJECTEXTEND PRINT(.\Listings\main.lst) TABS(2) OBJECT(.\Objects\main.obj)

line level    source

   1          #include "N76E003.h"
   2          #include "Common.h"
   3          #include "Delay.h"
   4          #include "Function_Define.h"
   5          #include "SFR_Macro.h"
   6          
   7          #define POLY  0x07 //ATM-8 CRC (8bit)
   8            
   9          uint8_t xdata crcTable[256]; //mang luu du lieu tra cuu CRC
  10          unsigned char data1[] = {'1', '2', '3', '4', '5', '6', '7', '8', '9'};
  11          unsigned char c1;
  12           /*------------------- Ham tinh bang du lieu CRC-----------------------*/
  13          void CalulateTable_CRC8() 
  14          {
  15   1        int divident;
  16   1        for (divident = 0; divident < 256; divident++)
  17   1        {
  18   2          uint8_t currByte = divident; 
  19   2          uint8_t bitSec;
  20   2          //Tinh toan gia tri CRC-8 cho byte hien thoi
  21   2          for (bitSec = 0; bitSec < 8; bitSec++)
  22   2          {
  23   3            if ((currByte & 0x80) != 0)
  24   3            {
  25   4              currByte <<= 1;
  26   4              currByte ^= POLY;
  27   4            }
  28   3            else
  29   3            {
  30   4              currByte <<= 1;
  31   4            }
  32   3          }
  33   2          //luu gia tri CRC vao bang tra cuu
  34   2          crcTable[divident] = currByte;
  35   2        }
  36   1      }
  37          
  38          /*-----------------Ham tinh gia tri CRC-8 cua chuoi du lieu------------*/
  39          uint8_t computeCRC(unsigned char *addr, int nBytes)
  40          {
  41   1        uint8_t crc = 0x00;  //khoi tao gia tri crc ban dau
  42   1        for ( ; nBytes > 0; nBytes--)
  43   1        {
  44   2          //XOR in next input byte
  45   2          uint8_t Data = crc^(*addr++);
  46   2          crc = crcTable[Data];
  47   2        }
  48   1        return crc;
  49   1      }
  50          
  51          
  52          void main()
  53          {
  54   1        InitialUART0_Timer1(9600);
C51 COMPILER V9.60.0.0   MAIN                                                              11/16/2020 10:25:19 PAGE 2   

  55   1        CalulateTable_CRC8();
  56   1        while(1)
  57   1        {
  58   2          c1 = computeCRC(data1, 9);
  59   2          Send_Data_To_UART0(c1);
  60   2          Timer0_Delay1ms(1000);
  61   2        }
  62   1        
  63   1      }


MODULE INFORMATION:   STATIC OVERLAYABLE
   CODE SIZE        =    176    ----
   CONSTANT SIZE    =   ----    ----
   XDATA SIZE       =    256    ----
   PDATA SIZE       =   ----    ----
   DATA SIZE        =     10       6
   IDATA SIZE       =   ----    ----
   BIT SIZE         =   ----    ----
END OF MODULE INFORMATION.


C51 COMPILATION COMPLETE.  0 WARNING(S),  0 ERROR(S)
