C51 COMPILER V9.60.0.0   MAIN                                                              08/25/2020 11:08:36 PAGE 1   


C51 COMPILER V9.60.0.0, COMPILATION OF MODULE MAIN
OBJECT MODULE PLACED IN .\Objects\main.obj
COMPILER INVOKED BY: C:\Keil_v5\C51\BIN\C51.EXE main.c OPTIMIZE(8,SPEED) BROWSE INCDIR(..\Include) DEFINE(FOSC_160000) D
                    -EBUG OBJECTEXTEND PRINT(.\Listings\main.lst) TABS(2) OBJECT(.\Objects\main.obj)

line level    source

   1          #include "N76E003.h"
   2          #include "Common.h"
   3          #include "Delay.h"
   4          #include "SFR_Macro.h"
   5          #include "Function_define.h"
   6          
   7          char so[]={0xEB, 0x88, 0xB3, 0xBA, 0xD8, 0x7A, 0x7B, 0xA8, 0xFB, 0xFA};
   8          
   9          #define DATA P03      //Du lieu 
  10          #define CLK P15       //Xung 
  11          #define LAT P17       //Chot du lieu de day ra 
  12          #define LED1 P13
  13          #define LED2 P12
  14          #define LED3 P11
  15          #define LED4 P10
  16          #define bat  0;
  17          #define tat  1; 
  18          void HC595_Output(unsigned char a)
  19          {
  20   1        unsigned char i;
  21   1        for (i=0;i<8;i++)
  22   1        {
  23   2          DATA=a & (0x80 >> i);
  24   2          CLK=0;
  25   2          CLK=1;
  26   2        }
  27   1        LAT=0;
  28   1        LAT=1;
  29   1      }
  30          void setup(void)
  31          {
  32   1        P15_Quasi_Mode;       //CLK  Output
  33   1        P17_Quasi_Mode;       //LAT  Output
  34   1        P03_Quasi_Mode;       //DATA Output
  35   1        P10_Quasi_Mode;       //LED4 Output
  36   1        P11_Quasi_Mode;       //LED3 Output
  37   1        P12_Quasi_Mode;       //LED2 Output
  38   1        P13_Quasi_Mode;       //LED1 Output
  39   1      
  40   1      }
  41          void main(void)
  42          {
  43   1        setup();
  44   1        while(1)
  45   1        {
  46   2          LED1=bat;
  47   2          HC595_Output(so[0]);
  48   2          Timer0_Delay1ms(5);
  49   2          LED1=tat;
  50   2          
  51   2          LED2=bat;
  52   2          HC595_Output(so[1]);
  53   2          Timer0_Delay1ms(5);
  54   2          LED2=tat;
C51 COMPILER V9.60.0.0   MAIN                                                              08/25/2020 11:08:36 PAGE 2   

  55   2          
  56   2          LED3=bat;
  57   2          HC595_Output(so[2]);
  58   2          Timer0_Delay1ms(5);
  59   2          LED3=tat;
  60   2          
  61   2          LED4=bat;
  62   2          HC595_Output(so[4]);
  63   2          Timer0_Delay1ms(5);
  64   2          LED4=tat;
  65   2        }
  66   1      }


MODULE INFORMATION:   STATIC OVERLAYABLE
   CODE SIZE        =    182    ----
   CONSTANT SIZE    =   ----    ----
   XDATA SIZE       =   ----    ----
   PDATA SIZE       =   ----    ----
   DATA SIZE        =     10    ----
   IDATA SIZE       =   ----    ----
   BIT SIZE         =   ----    ----
END OF MODULE INFORMATION.


C51 COMPILATION COMPLETE.  0 WARNING(S),  0 ERROR(S)
