C51 COMPILER V9.60.0.0   MAIN                                                              09/09/2020 09:54:00 PAGE 1   


C51 COMPILER V9.60.0.0, COMPILATION OF MODULE MAIN
OBJECT MODULE PLACED IN .\Objects\main.obj
COMPILER INVOKED BY: C:\Keil_v5\C51\BIN\C51.EXE main.c OPTIMIZE(8,SPEED) BROWSE INCDIR(..\Include) DEFINE(FOSC_160000) D
                    -EBUG OBJECTEXTEND PRINT(.\Listings\main.lst) TABS(2) OBJECT(.\Objects\main.obj)

line level    source

   1          #include "N76E003.h"
   2          #include "Common.h"
   3          #include "Delay.h"
   4          #include "SFR_Macro.h"
   5          #include "Function_define.h"
   6          #include <string.h>
   7          unsigned int adc_value;
   8          char buffer[5];
   9          
  10          // Ham gui ki tu
  11          void Send(char arr[])
  12          {
  13   1        int i;
  14   1        for(i=0;i<strlen(arr);i++)
  15   1            {
  16   2              Send_Data_To_UART0(arr[i]);
  17   2            }
  18   1      }
  19          
  20          void main(void)
  21          {
  22   1          // Khoi tao ADC
  23   1        Enable_ADC_AIN5;      //Khoi tao ADC pin 04
  24   1        Set_All_GPIO_Quasi_Mode;
  25   1        InitialUART0_Timer1(9600);
  26   1        
  27   1        P05_Quasi_Mode;
  28   1        TI=1;
  29   1        while(1)
  30   1        {
  31   2      
  32   2          clr_ADCF;                 // Xoa co, neu ADCF=1 thi ko the chuyen doi 
  33   2          set_ADCS;                 // ADCS=1 trong suot qua trinh chuyen doi, 
  34   2          while(ADCF == 0);         // ADCF = 0, chuyen doi hoan tat
  35   2          adc_value = ADCRH;
  36   2          adc_value <<= 4;
  37   2          adc_value |= ADCRL;         // Doc gia tri ADC
  38   2          Send_Data_To_UART0(adc_value/1000+'0');
  39   2          Send_Data_To_UART0((adc_value%1000)/100+'0');
  40   2          Send_Data_To_UART0((adc_value%100)/10+'0');
  41   2          Send_Data_To_UART0(adc_value%10+'0');
  42   2          Send("\n");
  43   2          Timer0_Delay1ms(500);
  44   2        }
  45   1      }
  46          
  47            


MODULE INFORMATION:   STATIC OVERLAYABLE
   CODE SIZE        =    267    ----
   CONSTANT SIZE    =      2    ----
   XDATA SIZE       =   ----    ----
   PDATA SIZE       =   ----    ----
C51 COMPILER V9.60.0.0   MAIN                                                              09/09/2020 09:54:00 PAGE 2   

   DATA SIZE        =      7       5
   IDATA SIZE       =   ----    ----
   BIT SIZE         =   ----    ----
END OF MODULE INFORMATION.


C51 COMPILATION COMPLETE.  0 WARNING(S),  0 ERROR(S)
