C51 COMPILER V9.60.0.0   MAIN                                                              09/07/2020 16:12:43 PAGE 1   


C51 COMPILER V9.60.0.0, COMPILATION OF MODULE MAIN
OBJECT MODULE PLACED IN .\Objects\main.obj
COMPILER INVOKED BY: C:\Keil_v5\C51\BIN\C51.EXE main.c OPTIMIZE(8,SPEED) BROWSE INCDIR(..\Include) DEFINE(FOSC_160000) D
                    -EBUG OBJECTEXTEND PRINT(.\Listings\main.lst) TABS(2) OBJECT(.\Objects\main.obj)

line level    source

   1          #include "N76E003.h"
   2          #include "Common.h"
   3          #include "Function_define.h"
   4          #include "SFR_Macro.h"
   5          #include "Delay.h"
   6          
   7          unsigned char temp _at_ 0x08;
   8          unsigned char idata itemp _at_ 0x80;
   9          unsigned char xdata xtemp _at_ 0x80;
  10          
  11          int cnt = 0;
  12          unsigned long adc_value;
  13          void PWM_set_period(unsigned int period_value)
  14          {
  15   1        PWMPL = period_value & 0x00FF;
  16   1        PWMPH = (period_value & 0xFF00)>>8;
  17   1      }
  18          
  19          void PWM_set_on(unsigned int on_value)
  20          {
  21   1        PWM2L = (on_value & 0x00FF);
  22   1        PWM2H = ((on_value & 0xFF00) >> 8);
  23   1        set_LOAD;
  24   1      }
  25          void main(){
  26   1        P30_Input_Mode;
  27   1        P05_Quasi_Mode;         
  28   1        PWM2_P05_OUTPUT_ENABLE;
  29   1        PWM_IMDEPENDENT_MODE;
  30   1        PWM_CLOCK_DIV_8;
  31   1        PWM_set_period(2000);
  32   1        
  33   1        // Khoi tao ADC
  34   1        Enable_ADC_AIN5;      //Khoi tao ADC pin 04
  35   1        PWM2H = 0x00;
  36   1        PWM2L = 0x00;
  37   1        set_LOAD;
  38   1        set_PWMRUN;
  39   1        InitialUART0_Timer3(9600);
  40   1        TI = 1;     //Khoi dong ham printf
  41   1        while(1){
  42   2          P05=1;                    
  43   2          clr_ADCF;                 // Xoa co, neu ADCF=1 thi ko the chuyen doi 
  44   2          set_ADCS;                 // ADCS=1 trong suot qua trinh chuyen doi, 
  45   2          while(ADCF == 0);         // ADCF = 0, chuyen doi hoan tat
  46   2          adc_value = ADCRH;
  47   2          adc_value <<= 4;
  48   2          adc_value |= ADCRL;   // Doc gia tri ADC
  49   2          PWM_set_on(adc_value*2000/4096);
  50   2      //    printf("\n Gia tri bien tro la: %d",adc_value);
  51   2          Send_Data_To_UART0(adc_value);
  52   2          Timer0_Delay1ms(100);
  53   2        }
  54   1      }
C51 COMPILER V9.60.0.0   MAIN                                                              09/07/2020 16:12:43 PAGE 2   



MODULE INFORMATION:   STATIC OVERLAYABLE
   CODE SIZE        =    221    ----
   CONSTANT SIZE    =   ----    ----
   XDATA SIZE       =   ----    ----
   PDATA SIZE       =   ----    ----
   DATA SIZE        =      6    ----
   IDATA SIZE       =   ----    ----
   BIT SIZE         =   ----    ----
END OF MODULE INFORMATION.


C51 COMPILATION COMPLETE.  0 WARNING(S),  0 ERROR(S)
