C51 COMPILER V9.60.0.0   MAIN                                                              09/03/2020 11:25:44 PAGE 1   


C51 COMPILER V9.60.0.0, COMPILATION OF MODULE MAIN
OBJECT MODULE PLACED IN .\Objects\main.obj
COMPILER INVOKED BY: C:\Keil_v5\C51\BIN\C51.EXE main.c OPTIMIZE(8,SPEED) BROWSE INCDIR(..\Include) DEFINE(FOSC_160000) D
                    -EBUG OBJECTEXTEND PRINT(.\Listings\main.lst) TABS(2) OBJECT(.\Objects\main.obj)

line level    source

   1          #include "N76E003.h"
   2          #include "Common.h"
   3          #include "Delay.h"
   4          #include "SFR_Macro.h"
   5          #include "Function_define.h"
   6          char str[]="Deviot";
   7          char rx_data;
   8          int i;
   9          void UART_ISR(void) interrupt 4
  10          {
  11   1        if(RI==1)
  12   1        {
  13   2          rx_data=Receive_Data_From_UART0();
  14   2          Send_Data_To_UART0(rx_data);
  15   2          if(rx_data == '1') P05 = 0xff;
  16   2          if(rx_data == '0') P05 = 0x00;
  17   2          clr_RI;
  18   2          //clr_TI;
  19   2        }
  20   1        if(TI==1)
  21   1        {
  22   2          TI=0;
  23   2        }
  24   1      }
  25          void main(void)
  26          {
  27   1        InitialUART0_Timer1(9600);
  28   1        set_TI;
  29   1        set_EA;
  30   1        set_ES;
  31   1        P05_Quasi_Mode;
  32   1        while(1)
  33   1        {
  34   2          for(i=0;str[i]!=0;i++)
  35   2          {
  36   3            Send_Data_To_UART0(str[i]);
  37   3          }
  38   2          Send_Data_To_UART0('\n');
  39   2          Timer0_Delay1ms(300);
  40   2        }
  41   1      }


MODULE INFORMATION:   STATIC OVERLAYABLE
   CODE SIZE        =    161    ----
   CONSTANT SIZE    =   ----    ----
   XDATA SIZE       =   ----    ----
   PDATA SIZE       =   ----    ----
   DATA SIZE        =     10    ----
   IDATA SIZE       =   ----    ----
   BIT SIZE         =   ----    ----
END OF MODULE INFORMATION.


C51 COMPILATION COMPLETE.  0 WARNING(S),  0 ERROR(S)
