C51 COMPILER V9.60.0.0   WATCHDOG                                                          09/11/2020 11:28:37 PAGE 1   


C51 COMPILER V9.60.0.0, COMPILATION OF MODULE WATCHDOG
OBJECT MODULE PLACED IN .\Objects\watchdog.obj
COMPILER INVOKED BY: C:\Keil_v5\C51\BIN\C51.EXE watchdog.c OPTIMIZE(8,SPEED) BROWSE INCDIR(..\Include) DEFINE(FOSC_16000
                    -0) DEBUG OBJECTEXTEND PRINT(.\Listings\watchdog.lst) TABS(2) OBJECT(.\Objects\watchdog.obj)

line level    source

   1          #include "N76E003.h"
   2          #include "Common.h"
   3          #include "Delay.h"
   4          #include "SFR_Macro.h"
   5          #include "Function_define.h"
   6          
   7          /***********************************************************************
   8            WDT CONFIG enable 
   9            warning : this macro is only when ICP not enable CONFIG WDT function
  10            copy this marco code to you code to enable WDT reset.
  11          ************************************************************************/
  12          void Check_WDT_Reset_Config(void)
  13          {
  14   1          set_IAPEN;              //Enable function IAP
  15   1          IAPAL = 0x04;
  16   1          IAPAH = 0x00;           //Address CONFIG 4 0004H
  17   1          IAPFD = 0xFF;    
  18   1          IAPCN = 0xC0;           //Read config command
  19   1          set_IAPGO;              //Storage CONFIG4 data
  20   1          if ((IAPFD&0xF0)==0xF0)  
  21   1          {
  22   2              IAPFD = 0x0F;
  23   2              IAPCN = 0xE1;       //Write CONFIG
  24   2              set_IAPGO;                                    //trigger IAP
  25   2              while((CHPCON&SET_BIT6)==SET_BIT6);          //check IAPFF (CHPCON.6)
  26   2              clr_CFUEN;          // Inhibit erasing or programming CONFIG bytes by IAP
  27   2              clr_IAPEN;          //IAP function disable
  28   2              EA = 0;
  29   2              TA = 0xAA;
  30   2              TA = 0x55;
  31   2              CHPCON &= 0xFD;     //BS=0
  32   2              TA = 0xAA;
  33   2              TA = 0x55;
  34   2              CHPCON |= 0x80;     //Lenh cuoi cung duoc thuc hien truoc khi thiet lap lai thiet bi
  35   2          }
  36   1          clr_IAPEN;
  37   1      }
  38          
  39          
  40          /*********************************************************************************************************
             -***
  41          *    Main function 
  42          **********************************************************************************************************
             -**/
  43          void main (void)
  44          {
  45   1         P05_Quasi_Mode;
  46   1      
  47   1          Check_WDT_Reset_Config();
  48   1        
  49   1          TA=0xAA;TA=0x55;WDCON|=0x07;            //Setting WDT prescale 1/256 1,638s
  50   1          set_WDCLR;                            //Clear WDT timer 
  51   1          while((WDCON|~SET_BIT6)==0xFF);       //confirm WDT clear is ok before into power down mode
  52   1          EA = 1;
C51 COMPILER V9.60.0.0   WATCHDOG                                                          09/11/2020 11:28:37 PAGE 2   

  53   1          set_WDTR;                             //WDT run
  54   1          
  55   1          while(1)
  56   1          {
  57   2            P05= 0x00;
  58   2            Timer0_Delay1ms(500);
  59   2            P05=0xff;
  60   2            Timer0_Delay1ms(500);
  61   2            while(1);
  62   2            
  63   2          }
  64   1      }
  65          


MODULE INFORMATION:   STATIC OVERLAYABLE
   CODE SIZE        =    261    ----
   CONSTANT SIZE    =   ----    ----
   XDATA SIZE       =   ----    ----
   PDATA SIZE       =   ----    ----
   DATA SIZE        =   ----    ----
   IDATA SIZE       =   ----    ----
   BIT SIZE         =   ----    ----
END OF MODULE INFORMATION.


C51 COMPILATION COMPLETE.  0 WARNING(S),  0 ERROR(S)
