C51 COMPILER V9.60.0.0   MAIN                                                              09/09/2020 14:33:58 PAGE 1   


C51 COMPILER V9.60.0.0, COMPILATION OF MODULE MAIN
OBJECT MODULE PLACED IN .\Objects\main.obj
COMPILER INVOKED BY: C:\Keil_v5\C51\BIN\C51.EXE main.c OPTIMIZE(8,SPEED) BROWSE INCDIR(..\..\Include) DEFINE(FOSC_160000
                    -) DEBUG OBJECTEXTEND PRINT(.\Listings\main.lst) TABS(2) OBJECT(.\Objects\main.obj)

line level    source

   1          #include "N76E003.h"
   2          #include "Common.h"
   3          #include "Delay.h"
   4          #include "SFR_Macro.h"
   5          #include "Function_define.h"
   6          
   7          // Khoi tao SPI
   8          void SPI_Initial(void)
   9          {
  10   1        P15_Quasi_Mode;         // Chan SS
  11   1        P10_Quasi_Mode;         // Chan SPCLK
  12   1        P00_Quasi_Mode;         // Chan MOSI
  13   1        P01_Quasi_Mode;         // Chan MISO
  14   1        
  15   1        set_DISMODF;            // SS che do I/O cho Master// DISMODF = 1 && SSOE = 0
  16   1        clr_SSOE;               // SS che do I/O cho Master// DISMODF = 1 && SSOE = 0
  17   1        
  18   1        clr_LSBFE;              // Gui byte cao truoc
  19   1        
  20   1        clr_CPOL;               // SPCLK o muc thap khi trang thai nghi
  21   1        set_CPHA;               // Doc du lieu o canh 2
  22   1        
  23   1        set_MSTR;               // Che do Master 
  24   1        SPICLK_DIV16;           // Bo chia 16
  25   1        set_SPIEN;              // Khoi tao SPI
  26   1        clr_SPIF;               // Xoa co bao ngat
  27   1      }
  28          
  29          void setup(void)
  30          {
  31   1        Set_All_GPIO_Quasi_Mode;
  32   1        P05=0x00;
  33   1        SPI_Initial();
  34   1        InitialUART0_Timer1(9600);
  35   1        TI = 1;
  36   1      }
  37          UINT8 SPI_transfer(UINT8 send_byte)
  38          {
  39   1        SPDR = send_byte;
  40   1        while(!(SPSR & SET_BIT7));    
  41   1        clr_SPIF;
  42   1        return SPDR;
  43   1      }
  44          unsigned int Received_Data_from_Slave()
  45          {
  46   1        unsigned int adc_value;
  47   1        SS = 0;
  48   1      
  49   1        if( SPI_transfer(0x01) == 0x02) 
  50   1        {
  51   2          adc_value = SPI_transfer(0x00);
  52   2          adc_value <<= 8; 
  53   2          adc_value |= SPI_transfer(0x00);
  54   2        }
C51 COMPILER V9.60.0.0   MAIN                                                              09/09/2020 14:33:58 PAGE 2   

  55   1        
  56   1        SS = 1;
  57   1        return adc_value;
  58   1      }
  59          void main()
  60          { 
  61   1        setup();
  62   1        printf("Start\n");
  63   1        while(1)
  64   1        {
  65   2          unsigned int adc_value = Received_Data_from_Slave();
  66   2          printf("%d\n",adc_value);
  67   2          Timer0_Delay1ms(200);
  68   2        } 
  69   1      }


MODULE INFORMATION:   STATIC OVERLAYABLE
   CODE SIZE        =    181    ----
   CONSTANT SIZE    =     11    ----
   XDATA SIZE       =   ----    ----
   PDATA SIZE       =   ----    ----
   DATA SIZE        =   ----       2
   IDATA SIZE       =   ----    ----
   BIT SIZE         =   ----    ----
END OF MODULE INFORMATION.


C51 COMPILATION COMPLETE.  0 WARNING(S),  0 ERROR(S)
