C51 COMPILER V9.60.0.0   MAIN                                                              09/04/2020 12:12:17 PAGE 1   


C51 COMPILER V9.60.0.0, COMPILATION OF MODULE MAIN
OBJECT MODULE PLACED IN .\Objects\main.obj
COMPILER INVOKED BY: C:\Keil_v5\C51\BIN\C51.EXE main.c OPTIMIZE(8,SPEED) BROWSE INCDIR(..\Include) DEFINE(FOSC_160000) D
                    -EBUG OBJECTEXTEND PRINT(.\Listings\main.lst) TABS(2) OBJECT(.\Objects\main.obj)

line level    source

   1          #include "N76E003.h"
   2          #include "Common.h"
   3          #include "Delay.h"
   4          #include "Function_define.h"
   5          #include "SFR_Macro.h"
   6          
   7          unsigned char led[]={0x80, 0x40, 0x20, 0x10, 0x08, 0x04, 0x02, 0x01};
   8          unsigned char a= 0x00,b;
   9          #define led1 P13
  10          #define DATA P03
  11          #define LATCH_CLK P17
  12          #define SH_CLK P15
  13          #define sang 0
  14          #define tat 1
  15          unsigned int i=0;
  16          //Ham dieu khien 74HC595
  17          void IE74595_Out_Byte(unsigned char b)
  18          {
  19   1        unsigned char i;
  20   1        for(i=0; i<8; i++)
  21   1        {
  22   2          DATA = b& (0x80>>i); // lay tung bit cua byte b gui 
  23   2          SH_CLK=0;
  24   2          SH_CLK=1;
  25   2        }
  26   1          LATCH_CLK= 0;
  27   1          LATCH_CLK= 1;
  28   1      }
  29          //Ham bat/tat led
  30          void digitalWrite(char x, char y){
  31   1        if(y==1){
  32   2          a= a|led[x-1];
  33   2        }
  34   1        if(y==0){
  35   2          
  36   2          b= a^led[x-1];
  37   2          if(a>b) a=b;
  38   2        }
  39   1      }
  40          //Ham ngat Timer Sang led
  41          void ngatTimer() interrupt 1{
  42   1        TH0= 0xFA;
  43   1        TL0= 0xCB;
  44   1        TR0= 1;
  45   1      
  46   1           led1= tat;
  47   1          IE74595_Out_Byte(a);
  48   1          led1 = sang;
  49   1         }
  50          
  51          void main()
  52          {
  53   1        P15_Quasi_Mode;
  54   1        P17_Quasi_Mode;
C51 COMPILER V9.60.0.0   MAIN                                                              09/04/2020 12:12:17 PAGE 2   

  55   1        P03_Quasi_Mode;
  56   1        P13_Quasi_Mode;
  57   1        P05_Quasi_Mode;
  58   1        TMOD = 0x01; //timer 0, che do 1
  59   1        ET0=1;
  60   1        TR0=1;
  61   1        EA=1;
  62   1        while(1)
  63   1        {
  64   2          P05=~P05;
  65   2          digitalWrite(1,0);
  66   2          digitalWrite(2,0);
  67   2          digitalWrite(3,0);
  68   2          digitalWrite(4,0);
  69   2          digitalWrite(5,1);
  70   2          digitalWrite(6,1);
  71   2          digitalWrite(7,1);
  72   2          digitalWrite(8,1);
  73   2          Timer0_Delay1ms(1000);
  74   2        }
  75   1      }


MODULE INFORMATION:   STATIC OVERLAYABLE
   CODE SIZE        =    227    ----
   CONSTANT SIZE    =   ----    ----
   XDATA SIZE       =   ----    ----
   PDATA SIZE       =   ----    ----
   DATA SIZE        =     12    ----
   IDATA SIZE       =   ----    ----
   BIT SIZE         =   ----    ----
END OF MODULE INFORMATION.


C51 COMPILATION COMPLETE.  0 WARNING(S),  0 ERROR(S)
