C51 COMPILER V9.60.0.0   MAIN                                                              09/09/2020 10:16:20 PAGE 1   


C51 COMPILER V9.60.0.0, COMPILATION OF MODULE MAIN
OBJECT MODULE PLACED IN .\Objects\main.obj
COMPILER INVOKED BY: C:\Keil_v5\C51\BIN\C51.EXE main.c OPTIMIZE(8,SPEED) BROWSE INCDIR(..\..\..\Include) DEFINE(FOSC_160
                    -000) DEBUG OBJECTEXTEND PRINT(.\Listings\main.lst) TABS(2) OBJECT(.\Objects\main.obj)

line level    source

   1          #include "N76E003.h"
   2          #include "Common.h"
*** WARNING C318 IN LINE 2 OF main.c: can't open file 'Common.h'
   3          #include "Delay.h"
*** WARNING C318 IN LINE 3 OF main.c: can't open file 'Delay.h'
   4          #include "SFR_Macro.h"
*** WARNING C318 IN LINE 4 OF main.c: can't open file 'SFR_Macro.h'
   5          #include "Function_define.h"
*** WARNING C318 IN LINE 5 OF main.c: can't open file 'Function_define.h'
   6          int adc_value,n = 0;
   7          char adc[2];
   8          
   9          void SPI_Initial(void)
  10          {
  11   1        P15_Quasi_Mode;         // Chan SS
*** ERROR C202 IN LINE 11 OF main.c: 'P15_Quasi_Mode': undefined identifier
  12   1        P10_Quasi_Mode;         // Chan SPCLK
*** ERROR C202 IN LINE 12 OF main.c: 'P10_Quasi_Mode': undefined identifier
  13   1        P00_Quasi_Mode;         // Chan MOSI
*** ERROR C202 IN LINE 13 OF main.c: 'P00_Quasi_Mode': undefined identifier
  14   1        P01_Quasi_Mode;         // Chan MISO
*** ERROR C202 IN LINE 14 OF main.c: 'P01_Quasi_Mode': undefined identifier
  15   1        
  16   1        set_DISMODF;            // SS che do I/O cho Master// DISMODF = 1 && SSOE = 0
*** ERROR C202 IN LINE 16 OF main.c: 'set_DISMODF': undefined identifier
  17   1        clr_SSOE;               // SS che do I/O cho Master// DISMODF = 1 && SSOE = 0
*** ERROR C202 IN LINE 17 OF main.c: 'clr_SSOE': undefined identifier
  18   1        
  19   1        clr_LSBFE;              // Gui byte cao truoc
*** ERROR C202 IN LINE 19 OF main.c: 'clr_LSBFE': undefined identifier
  20   1        
  21   1        clr_CPOL;               // SPCLK o muc thap khi trang thai nghi
*** ERROR C202 IN LINE 21 OF main.c: 'clr_CPOL': undefined identifier
  22   1        set_CPHA;               // Doc du lieu o canh 2
*** ERROR C202 IN LINE 22 OF main.c: 'set_CPHA': undefined identifier
  23   1        
  24   1        set_MSTR;               // Che do Master 
*** ERROR C202 IN LINE 24 OF main.c: 'set_MSTR': undefined identifier
  25   1        SPICLK_DIV16;           // Bo chia 16
*** ERROR C202 IN LINE 25 OF main.c: 'SPICLK_DIV16': undefined identifier
  26   1        set_SPIEN;              // Khoi tao SPI
*** ERROR C202 IN LINE 26 OF main.c: 'set_SPIEN': undefined identifier
  27   1        clr_SPIF;               // Xoa co bao ngat
*** ERROR C202 IN LINE 27 OF main.c: 'clr_SPIF': undefined identifier
  28   1      }
  29          
  30          void setup(void)
  31          {
  32   1        Set_All_GPIO_Quasi_Mode;
*** ERROR C202 IN LINE 32 OF main.c: 'Set_All_GPIO_Quasi_Mode': undefined identifier
  33   1        P05=0x00;
  34   1        InitialUART0_Timer1(9600);
  35   1        TI = 1;
  36   1        SPI_Initial();
C51 COMPILER V9.60.0.0   MAIN                                                              09/09/2020 10:16:20 PAGE 2   

  37   1      }
  38          void main()
  39          { 
  40   1        setup();
  41   1        Send_Data_To_UART0('1');
  42   1        while(1)
  43   1        {
  44   2          SS = 0;
  45   2          SPDR = 0xFF;
  46   2          while(!(SPSR & SET_BIT7));    
  47   2          clr_SPIF;
  48   2          y = SPDR;
  49   2          SS = 1;
  50   2          if(n==1) adc[0]=SPDR;
  51   2          if(n==2) adc[1]=SPDR;
  52   2          if(n==3) n=0;
  53   2          n++;
  54   2          adc_value= adc[0];
  55   2          adc_value <<=4;
  56   2          adc_value |= adc[1];
  57   2          printf("%d",adc_value);
  58   2          printf("\n");
  59   2          Timer0_Delay1ms(300);
  60   2        } 
  61   1      }

C51 COMPILATION COMPLETE.  4 WARNING(S),  14 ERROR(S)
