C51 COMPILER V9.60.0.0   CRC_16                                                            11/16/2020 14:04:54 PAGE 1   


C51 COMPILER V9.60.0.0, COMPILATION OF MODULE CRC_16
OBJECT MODULE PLACED IN .\Objects\crc_16.obj
COMPILER INVOKED BY: C:\Keil_v5\C51\BIN\C51.EXE crc_16.c OPTIMIZE(8,SPEED) BROWSE INCDIR(..\..\..\Include) DEFINE(FOSC_1
                    -60000) DEBUG OBJECTEXTEND PRINT(.\Listings\crc_16.lst) TABS(2) OBJECT(.\Objects\crc_16.obj)

line level    source

   1          #include "N76E003.h"
   2          #include "Common.h"
   3          #include "Delay.h"
   4          #include "Function_Define.h"
   5          #include "SFR_Macro.h"
   6          
   7          #define POLY        0x1021  // CRC-16 
   8          unsigned char data1[] = {'1', '2', '3', '4', '5', '6', '7', '8', '9'};
   9          unsigned char data2[] = {'5', '6', '7', '8', '9'};
  10          unsigned short c1, c2;
  11          /*--------------------------------Ham tinh crc-16--------------------------------------*/
  12          /*Dau vao: add- mang du lieu can tinh crc, num- do dai mang, crc- du lieu khoi tao crc */
  13          uint16_t crc16(unsigned char *addr, int num, uint16_t crc)  
  14          {
  15   1          int i;
  16   1          for (; num > 0; num--)              //chay lan luot cac byte du lieu
  17   1          {
  18   2              crc = crc ^ (*addr++ << 8);     //dich 8 Bit cac byte du lieu roi XOR voi crc
  19   2              for (i = 0; i < 8; i++)         /// chuan bi de xoay 8 Bit
  20   2              {
  21   3                  if (crc & 0x8000)           
  22   3                      crc = (crc << 1) ^ POLY;    //Dich Bit va XOR voi poly
  23   3                  else                          
  24   3                      crc <<= 1;                  //Chi dich Bit
  25   3              }                             
  26   2              crc &= 0xFFFF;                  
  27   2          }                               
  28   1          return(crc);                    
  29   1      }
  30          
  31          void main()
  32          {
  33   1        InitialUART0_Timer1(9600);
  34   1        while(1)
  35   1        {
  36   2          c1 = crc16(data1, 9, 0xffff);
  37   2          c2 = crc16(data1, 4, 0xffff);
  38   2          c2 = crc16(data2, 5, c2);
  39   2          printf("%04x\n", c1);
  40   2          printf("%04x\n", c2);
  41   2          Timer0_Delay1ms(1000);
  42   2        }
  43   1        
  44   1      }


MODULE INFORMATION:   STATIC OVERLAYABLE
   CODE SIZE        =    222    ----
   CONSTANT SIZE    =      6    ----
   XDATA SIZE       =   ----    ----
   PDATA SIZE       =   ----    ----
   DATA SIZE        =     18       7
   IDATA SIZE       =   ----    ----
   BIT SIZE         =   ----    ----
C51 COMPILER V9.60.0.0   CRC_16                                                            11/16/2020 14:04:54 PAGE 2   

END OF MODULE INFORMATION.


C51 COMPILATION COMPLETE.  0 WARNING(S),  0 ERROR(S)
