C51 COMPILER V9.60.0.0   MAIN                                                              08/25/2020 10:52:30 PAGE 1   


C51 COMPILER V9.60.0.0, COMPILATION OF MODULE MAIN
OBJECT MODULE PLACED IN .\Objects\main.obj
COMPILER INVOKED BY: C:\Keil_v5\C51\BIN\C51.EXE main.c OPTIMIZE(8,SPEED) BROWSE INCDIR(..\Include) DEFINE(FOSC_160000) D
                    -EBUG OBJECTEXTEND PRINT(.\Listings\main.lst) TABS(2) OBJECT(.\Objects\main.obj)

line level    source

   1          #include "N76E003.h"
   2          #include "Function_define.h"
   3          #include "SFR_Macro.h"
   4          #include "Common.h"
   5          #include "Delay.h"
   6                
   7          char so[]= {0xEB, 0x88, 0xB3, 0xBA, 0xD8, 0x7A, 0x7B, 0xA8, 0xFB, 0xFA};
   8          #define led1 P13
   9          #define led2 P12
  10          #define led3 P11
  11          #define led4 P10
  12          #define sang 0
  13          #define tat 1
  14          #define DATA P03
  15          #define LATCH_CLK P17
  16          #define SH_CLK P15
  17          
  18          void IE74595_Out_Byte(unsigned char b)
  19          {
  20   1        unsigned char i;
  21   1        for(i=0; i<8; i++)
  22   1        {
  23   2          DATA = b& (0x80>>i); // lay tung bit cua byte b gui 
  24   2          SH_CLK=0;
  25   2          SH_CLK=1;
  26   2        }
  27   1          LATCH_CLK= 0;
  28   1          LATCH_CLK= 1;
  29   1      }
  30          void main()
  31          {
  32   1        P15_Quasi_Mode;
  33   1        P17_Quasi_Mode;
  34   1        P03_Quasi_Mode;
  35   1        P10_Quasi_Mode;
  36   1        P11_Quasi_Mode;
  37   1        P12_Quasi_Mode;
  38   1        P13_Quasi_Mode;
  39   1        
  40   1        while(1)
  41   1        {
  42   2          led1 = sang;
  43   2          IE74595_Out_Byte(0xEB);
  44   2          Timer0_Delay1ms(5);
  45   2          led1 = tat;
  46   2          
  47   2          led2 = sang;
  48   2          IE74595_Out_Byte(so[2]);
  49   2          Timer0_Delay1ms(5);
  50   2          led2 = tat;
  51   2          
  52   2          led3 = sang;
  53   2          IE74595_Out_Byte(so[3]);
  54   2          Timer0_Delay1ms(5);
C51 COMPILER V9.60.0.0   MAIN                                                              08/25/2020 10:52:30 PAGE 2   

  55   2          led3 = tat;
  56   2          
  57   2          led4 = sang;
  58   2          IE74595_Out_Byte(so[4]);
  59   2          Timer0_Delay1ms(5);
  60   2          led4 = tat;
  61   2          
  62   2          
  63   2        }
  64   1      }


MODULE INFORMATION:   STATIC OVERLAYABLE
   CODE SIZE        =    178    ----
   CONSTANT SIZE    =   ----    ----
   XDATA SIZE       =   ----    ----
   PDATA SIZE       =   ----    ----
   DATA SIZE        =     10    ----
   IDATA SIZE       =   ----    ----
   BIT SIZE         =   ----    ----
END OF MODULE INFORMATION.


C51 COMPILATION COMPLETE.  0 WARNING(S),  0 ERROR(S)
