C51 COMPILER V9.60.0.0   MAIN                                                              09/09/2020 09:44:48 PAGE 1   


C51 COMPILER V9.60.0.0, COMPILATION OF MODULE MAIN
OBJECT MODULE PLACED IN .\Objects\main.obj
COMPILER INVOKED BY: C:\Keil_v5\C51\BIN\C51.EXE main.c OPTIMIZE(8,SPEED) BROWSE INCDIR(..\..\..\Include) DEFINE(FOSC_160
                    -000) DEBUG OBJECTEXTEND PRINT(.\Listings\main.lst) TABS(2) OBJECT(.\Objects\main.obj)

line level    source

   1          #include "N76E003.h"
   2          #include "Common.h"
   3          #include "Delay.h"
   4          #include "SFR_Macro.h"
   5          #include "Function_define.h"
   6          
   7          int x = 0;
   8          int y = 0;
   9          // Khoi tao SPI
  10          void SPI_Initial(void)
  11          { 
  12   1          P15_Quasi_Mode;           // P15 (SS) Quasi mode
  13   1          P10_Quasi_Mode;           // P10(SPCLK) Quasi mode
  14   1          P00_Quasi_Mode;           // P00 (MOSI) Quasi mode
  15   1          P01_Quasi_Mode;           // P22 (MISO) Quasi mode
  16   1                  
  17   1          set_P0S_5;                //Schmitt triggered input select.
  18   1          
  19   1          clr_MSTR;                 // che do Slave
  20   1          clr_LSBFE;                // Gui byte cao truoc
  21   1      
  22   1          clr_CPOL;                 // SPCLK o muc thap khi trang thai nghi
  23   1          set_CPHA;                 // Doc du lieu o canh 2    
  24   1          
  25   1          set_EA;                     // Cho phep ngat toan cuc
  26   1          set_ESPI;                   // Cho phep ngat SPI
  27   1        
  28   1          set_SPIEN;                // Khoi tao SPI
  29   1          clr_SPIF;                 // Xoa co ngat
  30   1      }
  31          
  32          void setup(void)
  33          {
  34   1        Set_All_GPIO_Quasi_Mode;
  35   1        SPI_Initial();
  36   1        InitialUART0_Timer1(9600);
  37   1        TI = 1;
  38   1      }
  39          
  40          void main()
  41          {
  42   1        setup();
  43   1        while(1)
  44   1        {
  45   2        }
  46   1      }
  47          
  48          void SPI_ISR(void) interrupt 9
  49          {  
  50   1        clr_SPIF;
  51   1        y = SPDR;
  52   1        printf("%d\n",y);
  53   1        SPDR = '1';
  54   1      }
C51 COMPILER V9.60.0.0   MAIN                                                              09/09/2020 09:44:48 PAGE 2   



MODULE INFORMATION:   STATIC OVERLAYABLE
   CODE SIZE        =    196    ----
   CONSTANT SIZE    =      4    ----
   XDATA SIZE       =   ----    ----
   PDATA SIZE       =   ----    ----
   DATA SIZE        =      4    ----
   IDATA SIZE       =   ----    ----
   BIT SIZE         =   ----    ----
END OF MODULE INFORMATION.


C51 COMPILATION COMPLETE.  0 WARNING(S),  0 ERROR(S)
