C51 COMPILER V9.60.0.0   PIN_INTERRRUPT                                                    09/11/2020 15:14:31 PAGE 1   


C51 COMPILER V9.60.0.0, COMPILATION OF MODULE PIN_INTERRRUPT
OBJECT MODULE PLACED IN .\Objects\pin_interrrupt.obj
COMPILER INVOKED BY: C:\Keil_v5\C51\BIN\C51.EXE pin_interrrupt.c OPTIMIZE(8,SPEED) BROWSE INCDIR(..\Include) DEFINE(FOSC
                    -_160000) DEBUG OBJECTEXTEND PRINT(.\Listings\pin_interrrupt.lst) TABS(2) OBJECT(.\Objects\pin_interrrupt.obj)

line level    source

   1          #include "N76E003.h"
   2          #include "Common.h"
   3          #include "Delay.h"
   4          #include "SFR_Macro.h"
   5          #include "Function_define.h"
   6          
   7          void setup(void)
   8          {
   9   1        P14_Input_Mode;         // Button
  10   1        P05_Quasi_Mode;         // Led 1
  11   1        P06_Quasi_Mode;         // Led 2
  12   1        PICON |= 0x01;          // Pin interrupt port 1
  13   1        Enable_BIT4_LowLevel_Trig;
  14   1        
  15   1        set_EPI;                // Cho phep ngat pin
  16   1        set_EA;                 // Cho phep ngat toan cuc
  17   1      }
  18          
  19          void main()
  20          {
  21   1        setup();
  22   1        while(1)
  23   1        {
  24   2          P05 =! P05;
  25   2          Timer0_Delay1ms(500);
  26   2        }
  27   1      }
  28          
  29          void PinInterrupt_ISR (void) interrupt 7
  30          {
  31   1        if(PIF == 0x10)         // Interrupt pin 4
  32   1        {
  33   2          P06 = 0x00 ;          
  34   2        }
  35   1      }


MODULE INFORMATION:   STATIC OVERLAYABLE
   CODE SIZE        =     79    ----
   CONSTANT SIZE    =   ----    ----
   XDATA SIZE       =   ----    ----
   PDATA SIZE       =   ----    ----
   DATA SIZE        =   ----    ----
   IDATA SIZE       =   ----    ----
   BIT SIZE         =   ----    ----
END OF MODULE INFORMATION.


C51 COMPILATION COMPLETE.  0 WARNING(S),  0 ERROR(S)
