C51 COMPILER V9.60.0.0   MAIN                                                              09/05/2020 14:45:08 PAGE 1   


C51 COMPILER V9.60.0.0, COMPILATION OF MODULE MAIN
OBJECT MODULE PLACED IN .\Objects\main.obj
COMPILER INVOKED BY: C:\Keil_v5\C51\BIN\C51.EXE main.c OPTIMIZE(8,SPEED) BROWSE INCDIR(..\Include) DEFINE(FOSC_160000) D
                    -EBUG OBJECTEXTEND PRINT(.\Listings\main.lst) TABS(2) OBJECT(.\Objects\main.obj)

line level    source

   1          #include "N76E003.h"
   2          #include "Common.h"
   3          #include "Delay.h"
   4          #include "SFR_Macro.h"
   5          #include "Function_define.h"
   6          #include <string.h>
   7          #include <math.h>
   8          //char str[]="Hello";
   9          
  10          char rx_data[30];
  11          unsigned char led[]={0x00,0x80, 0x40, 0x20, 0x10, 0x08, 0x04, 0x02, 0x01};
  12          unsigned char a= 0x00;
  13          char *Data1,*Data2,*Data3,*Data4;
  14          int dkLed=0;dk1=0;dk2=0;
  15          int i;
  16          int cnt=0;
  17          int send=0;
  18          
  19          #define led1 P13
  20          #define DATA P03
  21          #define LATCH_CLK P17
  22          #define SH_CLK P15
  23          #define sang 0
  24          #define tat 1
  25          
  26          
  27          //Ham dieu khien 74HC595
  28          void IE74595_Out_Byte(unsigned char b)
  29          {
  30   1        unsigned char i;
  31   1        for(i=0; i<8; i++)
  32   1        {
  33   2          DATA = b& (0x80>>i); // lay tung bit cua byte b gui 
  34   2          SH_CLK=0;
  35   2          SH_CLK=1;
  36   2        }
  37   1          LATCH_CLK= 0;
  38   1          LATCH_CLK= 1;
  39   1      }
  40          
  41          //Ham StringToInt
  42          int stringToInt(unsigned char *b)
  43           {
  44   1         int i;
  45   1        int l1 = strlen(b);
  46   1        int num1 = 0;
  47   1        for(i = l1-1;i>=0;--i){
  48   2          num1+=(int)(b[i]-'0')*pow(10,l1-i-1);
  49   2         }
  50   1         return num1;
  51   1       }
  52           
  53          //Ham digitalWrite
  54          void digitalWrite(char x, char y){
C51 COMPILER V9.60.0.0   MAIN                                                              09/05/2020 14:45:08 PAGE 2   

  55   1        if(y==1){
  56   2          a|= led[x];
  57   2        }
  58   1        if(y==0){
  59   2          a&=~ led[x];
  60   2        }
  61   1      }
  62           
  63          //Ham kiem tra Dieu Kien
  64            void kiemTraDK()
  65           {
  66   1         if(dkLed==1){
  67   2           if(dk1==1)
  68   2           {
  69   3             digitalWrite(stringToInt(Data3),1);
  70   3           }
  71   2           if(dk1==0)
  72   2           {
  73   3             digitalWrite(stringToInt(Data3),0);
  74   3           }
  75   2           if(dk2==1)
  76   2           {
  77   3             digitalWrite(stringToInt(Data4),1);
  78   3           }
  79   2           if(dk2==0)
  80   2           {
  81   3             digitalWrite(stringToInt(Data4),0);
  82   3           }
  83   2         }
  84   1       }
  85          
  86          // Ham gui ki tu
  87          void Send(char arr[])
  88          {
  89   1        for(i=0;i<strlen(arr);i++)
  90   1            {
  91   2              Send_Data_To_UART0(arr[i]);
  92   2            }
  93   1      }
  94          // Ham tach chuoi
  95          void TachChuoi()        
  96          {
  97   1        Data1= strtok(Data1,":");
  98   1        if(strcmp(Data1,"led")==0) dkLed=1;
  99   1        Data1= strtok(NULL,";");
 100   1        Data2= strtok(NULL,";");
 101   1          
 102   1          //Xy ly data1
 103   1        Data1= strtok(Data1,":");
 104   1        if(strcmp(Data1,"on")==0) dk1=1;
 105   1        while(Data1!=NULL){
 106   2          Data1= strtok(NULL,",");
 107   2          Data3= Data1;
 108   2          kiemTraDK();
 109   2          }
 110   1          //Xu lu data2
 111   1        Data2= strtok(Data2,":");
 112   1        if(strcmp(Data2,"off")==0) dk1=1;
 113   1        while(Data2!=NULL){
 114   2          Data2= strtok(NULL,",");
 115   2          Data4= Data2;
 116   2          kiemTraDK();
C51 COMPILER V9.60.0.0   MAIN                                                              09/05/2020 14:45:08 PAGE 3   

 117   2          }
 118   1      }
 119          
 120          
 121          // Ngat UART ngoai
 122          void UART_ISR(void) interrupt 4
 123          {
 124   1        if(RI==1)
 125   1        {
 126   2            rx_data[cnt] = Receive_Data_From_UART0(); 
 127   2            cnt++;
 128   2            send=1;
 129   2            clr_RI;
 130   2        }
 131   1        if(TI==1)
 132   1        {
 133   2          TI=0;
 134   2        }
 135   1      }
 136          
 137          void main(void)
 138          {
 139   1        P15_Quasi_Mode;
 140   1        P17_Quasi_Mode;
 141   1        P03_Quasi_Mode;
 142   1        P13_Quasi_Mode;
 143   1        P05_Quasi_Mode;
 144   1        InitialUART0_Timer1(9600);
 145   1        set_TI;               // Set co TI 
 146   1        set_EA;               // Cho phep ngat toan cuc
 147   1        set_ES;               // Cho phep ngat UART
 148   1      //  IE74595_Out_Byte(a);
 149   1        led1=sang;
 150   1        while(1)
 151   1        {
 152   2          if(send == 0)
 153   2          {
 154   3            Send("Hello");
 155   3            Send("\n");
 156   3            Timer0_Delay1ms(100);
 157   3          }
 158   2          if(send == 1)
 159   2          {
 160   3            Data1= strtok(rx_data,"!");
 161   3            Send(Data1);
 162   3            send=0;
 163   3            cnt=0;
 164   3          }
 165   2          TachChuoi();
 166   2          IE74595_Out_Byte(a);
 167   2        }
 168   1      }


MODULE INFORMATION:   STATIC OVERLAYABLE
   CODE SIZE        =    925    ----
   CONSTANT SIZE    =     27    ----
   XDATA SIZE       =   ----    ----
   PDATA SIZE       =   ----    ----
   DATA SIZE        =     64      12
   IDATA SIZE       =   ----    ----
   BIT SIZE         =   ----    ----
C51 COMPILER V9.60.0.0   MAIN                                                              09/05/2020 14:45:08 PAGE 4   

END OF MODULE INFORMATION.


C51 COMPILATION COMPLETE.  0 WARNING(S),  0 ERROR(S)
