C51 COMPILER V9.60.0.0   MAIN                                                              09/05/2020 15:58:37 PAGE 1   


C51 COMPILER V9.60.0.0, COMPILATION OF MODULE MAIN
OBJECT MODULE PLACED IN .\Objects\main.obj
COMPILER INVOKED BY: C:\Keil_v5\C51\BIN\C51.EXE main.c OPTIMIZE(8,SPEED) BROWSE INCDIR(..\Include) DEFINE(FOSC_160000) D
                    -EBUG OBJECTEXTEND PRINT(.\Listings\main.lst) TABS(2) OBJECT(.\Objects\main.obj)

line level    source

   1          #include "N76E003.h"
   2          #include "Common.h"
   3          #include "Delay.h"
   4          #include "SFR_Macro.h"
   5          #include "Function_define.h"
   6          #include <string.h>
   7          
   8          UINT8 rx_data[50];
   9          unsigned char led[]={0x00,0x80, 0x40, 0x20, 0x10, 0x08, 0x04, 0x02, 0x01};
  10          unsigned char a = 0x00;
  11          int i;
  12          int cnt=0;
  13          int check=0;
  14          int rx_len;
  15          int num=0;
  16          int device_stat;
  17          #define led1 P13
  18          #define DATA P03
  19          #define LATCH_CLK P17
  20          #define SH_CLK P15
  21          #define sang 0
  22          #define tat 1
  23          
  24          //Ham dieu khien 74HC595
  25          void IE74595_Out_Byte(unsigned char b)
  26          {
  27   1        unsigned char i;
  28   1        for(i=0; i<8; i++)
  29   1        {
  30   2          DATA = b& (0x80>>i); // lay tung bit cua byte b gui 
  31   2          SH_CLK=0;
  32   2          SH_CLK=1;
  33   2        }
  34   1          LATCH_CLK= 0;
  35   1          LATCH_CLK= 1;
  36   1      }
  37          
  38          //Ham digitalWrite
  39          void digitalWrite(char x, char y){
  40   1        if(y==1){
  41   2        a |= led[x];
  42   2        }
  43   1        if(y==0){
  44   2        a &=~led[x];
  45   2        }
  46   1      }
  47          
  48          // Ham gui ki tu
  49          void Send(char arr[])
  50          {
  51   1        for(i=0;i<strlen(arr);i++)
  52   1            {
  53   2              Send_Data_To_UART0(arr[i]);
  54   2            }
C51 COMPILER V9.60.0.0   MAIN                                                              09/05/2020 15:58:37 PAGE 2   

  55   1      }
  56          
  57          // Xu ly chuoi
  58          void Xu_ly_chuoi()
  59          {
  60   1        for(i=0;i<=rx_len;i++)
  61   1        {
  62   2          if(rx_data[i] == 'o')
  63   2          {
  64   3            if(rx_data[i+1] == 'n') 
  65   3            {       
  66   4              device_stat = 1;
  67   4            }
  68   3            else if(rx_data[i+1] == 'f') 
  69   3            {
  70   4              device_stat =0;
  71   4            }
  72   3          }
  73   2          if(rx_data[i] >= '0' && rx_data[i] <= '9')
  74   2          {
  75   3            num *= 10;
  76   3            num += rx_data[i] - '0';
  77   3          }
  78   2          else
  79   2          {
  80   3            digitalWrite(num,device_stat);
  81   3            num=0;
  82   3          }
  83   2        }
  84   1      }
  85          
  86          void main(void)
  87          {
  88   1        P15_Quasi_Mode;
  89   1        P17_Quasi_Mode;
  90   1        P03_Quasi_Mode;
  91   1        P13_Quasi_Mode;
  92   1        P05_Quasi_Mode;
  93   1        InitialUART0_Timer1(9600);
  94   1        set_EA;               // Cho phep ngat toan cuc
  95   1        set_ES;               // Cho phep ngat UART
  96   1        led1=sang;
  97   1        while(1)
  98   1        {
  99   2      
 100   2          if(check == 1)
 101   2          {   
 102   3              Send(rx_data);
 103   3              rx_len = cnt;
 104   3              Xu_ly_chuoi();
 105   3              cnt = 0;
 106   3              check = 0;
 107   3          }
 108   2          IE74595_Out_Byte(a);  
 109   2        }
 110   1      }
 111          
 112          // Ngat UART ngoai
 113          void SerialPort0_ISR(void) interrupt 4
 114          {
 115   1        if(RI == 1)
 116   1        {
C51 COMPILER V9.60.0.0   MAIN                                                              09/05/2020 15:58:37 PAGE 3   

 117   2            clr_RI;
 118   2            rx_data[cnt] = SBUF;
 119   2            if(rx_data[cnt] == '&') cnt = 0;
 120   2            else if(rx_data[cnt] == '!') check = 1;
 121   2            else cnt++;
 122   2          if(cnt>50) cnt=0;
 123   2        }
 124   1        if(TI == 1)
 125   1        {
 126   2          clr_TI;
 127   2        }
 128   1      }


MODULE INFORMATION:   STATIC OVERLAYABLE
   CODE SIZE        =    463    ----
   CONSTANT SIZE    =   ----    ----
   XDATA SIZE       =   ----    ----
   PDATA SIZE       =   ----    ----
   DATA SIZE        =     72       3
   IDATA SIZE       =   ----    ----
   BIT SIZE         =   ----    ----
END OF MODULE INFORMATION.


C51 COMPILATION COMPLETE.  0 WARNING(S),  0 ERROR(S)
